<?xml version="1.0" encoding="UTF-8"?>
<!-- Generated by org.testng.reporters.JUnitXMLReporter -->
<testsuite ignored="0" hostname="PC" failures="0" tests="4" name="Test" time="46.209" errors="0" timestamp="2023-07-04T19:32:44 EDT">
  <testcase classname="testCaseces.SignUpTestCases" name="verifySignup" time="15.208"/>
  <testcase classname="testCaseces.LoginTestCase" name="verifyLogin" time="0.544"/>
  <testcase classname="testCaseces.LoginTestCase" name="verifyLogin" time="0.427"/>
  <testcase classname="testCaseces.LoginTestCase" name="verifyLogin" time="0.457"/>
</testsuite> <!-- Test -->
