<?xml version="1.0" encoding="UTF-8"?>
<testng-results ignored="0" total="4" passed="4" failed="0" skipped="0">
  <reporter-output>
  </reporter-output>
  <suite started-at="2023-07-04T19:31:58 EDT" name="Suite" finished-at="2023-07-04T19:32:44 EDT" duration-ms="46209">
    <groups>
    </groups>
    <test started-at="2023-07-04T19:31:58 EDT" name="Test" finished-at="2023-07-04T19:32:44 EDT" duration-ms="46209">
      <class name="testCaseces.SignUpTestCases">
        <test-method is-config="true" signature="launchBrowserandURL()[pri:0, instance:testCaseces.SignUpTestCases@76505305]" started-at="2023-07-04T19:31:58 EDT" name="launchBrowserandURL" finished-at="2023-07-04T19:32:07 EDT" duration-ms="9121" status="PASS">
          <reporter-output>
          </reporter-output>
        </test-method> <!-- launchBrowserandURL -->
        <test-method signature="verifySignup()[pri:0, instance:testCaseces.SignUpTestCases@76505305]" started-at="2023-07-04T19:32:07 EDT" name="verifySignup" finished-at="2023-07-04T19:32:23 EDT" duration-ms="15208" status="PASS">
          <reporter-output>
          </reporter-output>
        </test-method> <!-- verifySignup -->
      </class> <!-- testCaseces.SignUpTestCases -->
      <class name="testCaseces.LoginTestCase">
        <test-method is-config="true" signature="launchBrowserandURL()[pri:0, instance:testCaseces.LoginTestCase@3c41ed1d]" started-at="2023-07-04T19:32:23 EDT" name="launchBrowserandURL" finished-at="2023-07-04T19:32:25 EDT" duration-ms="2588" status="PASS">
          <reporter-output>
          </reporter-output>
        </test-method> <!-- launchBrowserandURL -->
        <test-method signature="verifyLogin(java.lang.String,java.lang.String)[pri:0, instance:testCaseces.LoginTestCase@3c41ed1d]" started-at="2023-07-04T19:32:25 EDT" name="verifyLogin" data-provider="testData" finished-at="2023-07-04T19:32:26 EDT" duration-ms="544" status="PASS">
          <params>
            <param index="0">
              <value>
                <![CDATA[Test456]]>
              </value>
            </param>
            <param index="1">
              <value>
                <![CDATA[secure456]]>
              </value>
            </param>
          </params>
          <reporter-output>
          </reporter-output>
        </test-method> <!-- verifyLogin -->
        <test-method is-config="true" signature="launchBrowserandURL()[pri:0, instance:testCaseces.LoginTestCase@3c41ed1d]" started-at="2023-07-04T19:32:26 EDT" name="launchBrowserandURL" finished-at="2023-07-04T19:32:38 EDT" duration-ms="12435" status="PASS">
          <reporter-output>
          </reporter-output>
        </test-method> <!-- launchBrowserandURL -->
        <test-method signature="verifyLogin(java.lang.String,java.lang.String)[pri:0, instance:testCaseces.LoginTestCase@3c41ed1d]" started-at="2023-07-04T19:32:38 EDT" name="verifyLogin" data-provider="testData" finished-at="2023-07-04T19:32:39 EDT" duration-ms="427" status="PASS">
          <params>
            <param index="0">
              <value>
                <![CDATA[Test789]]>
              </value>
            </param>
            <param index="1">
              <value>
                <![CDATA[secure789]]>
              </value>
            </param>
          </params>
          <reporter-output>
          </reporter-output>
        </test-method> <!-- verifyLogin -->
        <test-method is-config="true" signature="launchBrowserandURL()[pri:0, instance:testCaseces.LoginTestCase@3c41ed1d]" started-at="2023-07-04T19:32:39 EDT" name="launchBrowserandURL" finished-at="2023-07-04T19:32:44 EDT" duration-ms="5368" status="PASS">
          <reporter-output>
          </reporter-output>
        </test-method> <!-- launchBrowserandURL -->
        <test-method signature="verifyLogin(java.lang.String,java.lang.String)[pri:0, instance:testCaseces.LoginTestCase@3c41ed1d]" started-at="2023-07-04T19:32:44 EDT" name="verifyLogin" data-provider="testData" finished-at="2023-07-04T19:32:44 EDT" duration-ms="457" status="PASS">
          <params>
            <param index="0">
              <value>
                <![CDATA[Test147]]>
              </value>
            </param>
            <param index="1">
              <value>
                <![CDATA[secure147]]>
              </value>
            </param>
          </params>
          <reporter-output>
          </reporter-output>
        </test-method> <!-- verifyLogin -->
      </class> <!-- testCaseces.LoginTestCase -->
    </test> <!-- Test -->
  </suite> <!-- Suite -->
</testng-results>
